app/build/intermediates/manifest_merge_blame_file/debug/manifest-merger-blame-debug-report.txt
1<?xml version="1.0" encoding="utf-8"?>
2<manifest xmlns:android="http://schemas.android.com/apk/res/android"
3    package="com.ksu.serene"
4    android:versionCode="1"
5    android:versionName="1.0" >
6
7    <uses-sdk
8        android:minSdkVersion="21"
8-->src/main/AndroidManifest.xml
9        android:targetSdkVersion="29" />
9-->src/main/AndroidManifest.xml
10
11    <uses-permission android:name="android.permission.ACCESS_WIFI_STATE" />
11-->src/main/AndroidManifest.xml:5:5-76
11-->src/main/AndroidManifest.xml:5:22-73
12    <uses-permission android:name="android.permission.ACCESS_NETWORK_STATE" />
12-->src/main/AndroidManifest.xml:6:5-79
12-->src/main/AndroidManifest.xml:6:22-76
13    <uses-permission android:name="android.permission.INTERNET" />
13-->src/main/AndroidManifest.xml:7:5-67
13-->src/main/AndroidManifest.xml:7:22-64
14    <uses-permission android:name="android.permission.ACCESS_BACKGROUND_LOCATION" />
14-->src/main/AndroidManifest.xml:8:5-85
14-->src/main/AndroidManifest.xml:8:22-82
15    <uses-permission android:name="android.permission.ACCESS_COARSE_LOCATION" />
15-->src/main/AndroidManifest.xml:9:5-81
15-->src/main/AndroidManifest.xml:9:22-78
16    <uses-permission android:name="android.permission.ACCESS_FINE_LOCATION" />
16-->src/main/AndroidManifest.xml:10:5-79
16-->src/main/AndroidManifest.xml:10:22-76
17    <uses-permission android:name="android.permission.WAKE_LOCK" /> <!-- Required by older versions of Google Play services to create IID tokens -->
17-->[com.google.android.gms:play-services-measurement-api:17.2.0] AndroidManifest.xml:24:5-68
17-->[com.google.android.gms:play-services-measurement-api:17.2.0] AndroidManifest.xml:24:22-65
18    <uses-permission android:name="com.google.android.c2dm.permission.RECEIVE" />
18-->[com.google.firebase:firebase-iid:19.0.0] AndroidManifest.xml:26:5-82
18-->[com.google.firebase:firebase-iid:19.0.0] AndroidManifest.xml:26:22-79
19    <uses-permission android:name="com.google.android.finsky.permission.BIND_GET_INSTALL_REFERRER_SERVICE" />
19-->[com.google.android.gms:play-services-measurement:17.2.0] AndroidManifest.xml:26:5-110
19-->[com.google.android.gms:play-services-measurement:17.2.0] AndroidManifest.xml:26:22-107
20
21    <application
21-->src/main/AndroidManifest.xml:12:5-45:19
22        android:allowBackup="true"
22-->src/main/AndroidManifest.xml:13:9-35
23        android:appComponentFactory="androidx.core.app.CoreComponentFactory"
23-->[androidx.core:core:1.1.0] AndroidManifest.xml:24:18-86
24        android:debuggable="true"
25        android:icon="@drawable/s_logo"
25-->src/main/AndroidManifest.xml:14:9-40
26        android:label="@string/app_name"
26-->src/main/AndroidManifest.xml:15:9-41
27        android:roundIcon="@drawable/s_logo"
27-->src/main/AndroidManifest.xml:16:9-45
28        android:supportsRtl="true"
28-->src/main/AndroidManifest.xml:17:9-35
29        android:theme="@style/AppTheme" >
29-->src/main/AndroidManifest.xml:18:9-40
30        <activity android:name="com.ksu.serene.add_Appointment" />
30-->src/main/AndroidManifest.xml:19:9-62
30-->src/main/AndroidManifest.xml:19:19-50
31        <activity android:name="com.ksu.serene.Controller.Homepage.Calendar.Add_Medicine_Page" />
31-->src/main/AndroidManifest.xml:20:9-84
31-->src/main/AndroidManifest.xml:20:19-81
32        <activity android:name="com.ksu.serene.MainActivity" />
32-->src/main/AndroidManifest.xml:21:9-50
32-->src/main/AndroidManifest.xml:21:19-47
33        <activity android:name="com.ksu.serene.Controller.Signup.Sociodemo" />
33-->src/main/AndroidManifest.xml:22:9-65
33-->src/main/AndroidManifest.xml:22:19-62
34        <activity android:name="com.ksu.serene.Controller.Homepage.Patient.Editprofile" />
34-->src/main/AndroidManifest.xml:23:9-77
34-->src/main/AndroidManifest.xml:23:19-74
35        <activity android:name="com.ksu.serene.Controller.Homepage.Patient.EditSocio" />
35-->src/main/AndroidManifest.xml:24:9-75
35-->src/main/AndroidManifest.xml:24:19-72
36        <activity android:name="com.ksu.serene.LogInPage" />
36-->src/main/AndroidManifest.xml:25:9-47
36-->src/main/AndroidManifest.xml:25:19-44
37        <activity android:name="com.ksu.serene.Controller.Signup.Signup" />
37-->src/main/AndroidManifest.xml:26:9-62
37-->src/main/AndroidManifest.xml:26:19-59
38        <activity android:name="com.ksu.serene.WelcomePage" >
38-->src/main/AndroidManifest.xml:27:9-33:20
38-->src/main/AndroidManifest.xml:27:19-46
39            <intent-filter>
39-->src/main/AndroidManifest.xml:28:13-32:29
40                <action android:name="android.intent.action.MAIN" />
40-->src/main/AndroidManifest.xml:29:17-69
40-->src/main/AndroidManifest.xml:29:25-66
41
42                <category android:name="android.intent.category.LAUNCHER" />
42-->src/main/AndroidManifest.xml:31:17-77
42-->src/main/AndroidManifest.xml:31:27-74
43            </intent-filter>
44        </activity>
45        <!--
46<intent-filter>
47            <action android:name="android.intent.action.MAIN" />
48
49            <category android:name="android.intent.category.LAUNCHER" />
50        </intent-filter>
51    </activity>!
52        -->
53        <meta-data
53-->src/main/AndroidManifest.xml:42:9-44:57
54            android:name="preloaded_fonts"
54-->src/main/AndroidManifest.xml:43:13-43
55            android:resource="@array/preloaded_fonts" />
55-->src/main/AndroidManifest.xml:44:13-54
56        <meta-data
56-->[com.firebaseui:firebase-ui-auth:3.0.0] AndroidManifest.xml:16:9-18:69
57            android:name="com.google.android.gms.version"
57-->[com.firebaseui:firebase-ui-auth:3.0.0] AndroidManifest.xml:17:13-58
58            android:value="@integer/google_play_services_version" />
58-->[com.firebaseui:firebase-ui-auth:3.0.0] AndroidManifest.xml:18:13-66
59        <meta-data
59-->[com.firebaseui:firebase-ui-auth:3.0.0] AndroidManifest.xml:19:9-21:63
60            android:name="com.facebook.sdk.ApplicationId"
60-->[com.firebaseui:firebase-ui-auth:3.0.0] AndroidManifest.xml:20:13-58
61            android:value="@string/facebook_application_id" />
61-->[com.firebaseui:firebase-ui-auth:3.0.0] AndroidManifest.xml:21:13-60
62        <meta-data
62-->[com.firebaseui:firebase-ui-auth:3.0.0] AndroidManifest.xml:22:9-24:36
63            android:name="com.facebook.sdk.AutoLogAppEventsEnabled"
63-->[com.firebaseui:firebase-ui-auth:3.0.0] AndroidManifest.xml:23:13-68
64            android:value="true" />
64-->[com.firebaseui:firebase-ui-auth:3.0.0] AndroidManifest.xml:24:13-33
65
66        <activity
66-->[com.firebaseui:firebase-ui-auth:3.0.0] AndroidManifest.xml:26:9-30:61
67            android:name="com.firebase.ui.auth.KickoffActivity"
67-->[com.firebaseui:firebase-ui-auth:3.0.0] AndroidManifest.xml:27:13-64
68            android:exported="false"
68-->[com.firebaseui:firebase-ui-auth:3.0.0] AndroidManifest.xml:28:13-37
69            android:label=""
69-->[com.firebaseui:firebase-ui-auth:3.0.0] AndroidManifest.xml:29:13-29
70            android:theme="@style/FirebaseUI.Transparent" />
70-->[com.firebaseui:firebase-ui-auth:3.0.0] AndroidManifest.xml:30:13-58
71        <activity
71-->[com.firebaseui:firebase-ui-auth:3.0.0] AndroidManifest.xml:31:9-34:75
72            android:name="com.firebase.ui.auth.ui.email.RecoverPasswordActivity"
72-->[com.firebaseui:firebase-ui-auth:3.0.0] AndroidManifest.xml:32:13-81
73            android:exported="false"
73-->[com.firebaseui:firebase-ui-auth:3.0.0] AndroidManifest.xml:33:13-37
74            android:label="@string/fui_title_recover_password_activity" />
74-->[com.firebaseui:firebase-ui-auth:3.0.0] AndroidManifest.xml:34:13-72
75        <activity
75-->[com.firebaseui:firebase-ui-auth:3.0.0] AndroidManifest.xml:35:9-38:59
76            android:name="com.firebase.ui.auth.ui.email.RegisterEmailActivity"
76-->[com.firebaseui:firebase-ui-auth:3.0.0] AndroidManifest.xml:36:13-79
77            android:exported="false"
77-->[com.firebaseui:firebase-ui-auth:3.0.0] AndroidManifest.xml:37:13-37
78            android:label="@string/fui_sign_in_default" />
78-->[com.firebaseui:firebase-ui-auth:3.0.0] AndroidManifest.xml:38:13-56
79        <activity
79-->[com.firebaseui:firebase-ui-auth:3.0.0] AndroidManifest.xml:39:9-43:64
80            android:name="com.firebase.ui.auth.ui.phone.PhoneVerificationActivity"
80-->[com.firebaseui:firebase-ui-auth:3.0.0] AndroidManifest.xml:40:13-83
81            android:exported="false"
81-->[com.firebaseui:firebase-ui-auth:3.0.0] AndroidManifest.xml:41:13-37
82            android:label="@string/fui_sign_in_with_phone_number"
82-->[com.firebaseui:firebase-ui-auth:3.0.0] AndroidManifest.xml:42:13-66
83            android:windowSoftInputMode="stateAlwaysVisible" />
83-->[com.firebaseui:firebase-ui-auth:3.0.0] AndroidManifest.xml:43:13-61
84        <activity
84-->[com.firebaseui:firebase-ui-auth:3.0.0] AndroidManifest.xml:44:9-47:73
85            android:name="com.firebase.ui.auth.ui.accountlink.WelcomeBackIdpPrompt"
85-->[com.firebaseui:firebase-ui-auth:3.0.0] AndroidManifest.xml:45:13-84
86            android:exported="false"
86-->[com.firebaseui:firebase-ui-auth:3.0.0] AndroidManifest.xml:46:13-37
87            android:label="@string/fui_title_welcome_back_idp_prompt" />
87-->[com.firebaseui:firebase-ui-auth:3.0.0] AndroidManifest.xml:47:13-70
88        <activity
88-->[com.firebaseui:firebase-ui-auth:3.0.0] AndroidManifest.xml:48:9-51:78
89            android:name="com.firebase.ui.auth.ui.accountlink.WelcomeBackPasswordPrompt"
89-->[com.firebaseui:firebase-ui-auth:3.0.0] AndroidManifest.xml:49:13-89
90            android:exported="false"
90-->[com.firebaseui:firebase-ui-auth:3.0.0] AndroidManifest.xml:50:13-37
91            android:label="@string/fui_title_welcome_back_password_prompt" />
91-->[com.firebaseui:firebase-ui-auth:3.0.0] AndroidManifest.xml:51:13-75
92        <activity
92-->[com.firebaseui:firebase-ui-auth:3.0.0] AndroidManifest.xml:52:9-55:65
93            android:name="com.firebase.ui.auth.ui.idp.AuthMethodPickerActivity"
93-->[com.firebaseui:firebase-ui-auth:3.0.0] AndroidManifest.xml:53:13-80
94            android:exported="false"
94-->[com.firebaseui:firebase-ui-auth:3.0.0] AndroidManifest.xml:54:13-37
95            android:label="@string/fui_default_toolbar_title" />
95-->[com.firebaseui:firebase-ui-auth:3.0.0] AndroidManifest.xml:55:13-62
96        <activity
96-->[com.firebaseui:firebase-ui-auth:3.0.0] AndroidManifest.xml:56:9-60:48
97            android:name="com.facebook.FacebookActivity"
97-->[com.firebaseui:firebase-ui-auth:3.0.0] AndroidManifest.xml:57:13-57
98            android:configChanges="keyboard|keyboardHidden|screenLayout|screenSize|orientation"
98-->[com.firebaseui:firebase-ui-auth:3.0.0] AndroidManifest.xml:58:13-96
99            android:label="@string/app_name" />
99-->[com.firebaseui:firebase-ui-auth:3.0.0] AndroidManifest.xml:59:13-45
100        <activity
100-->[com.firebaseui:firebase-ui-auth:3.0.0] AndroidManifest.xml:61:9-73:20
101            android:name="com.facebook.CustomTabActivity"
101-->[com.firebaseui:firebase-ui-auth:3.0.0] AndroidManifest.xml:62:13-58
102            android:exported="true" >
102-->[com.firebaseui:firebase-ui-auth:3.0.0] AndroidManifest.xml:63:13-36
103            <intent-filter>
103-->[com.firebaseui:firebase-ui-auth:3.0.0] AndroidManifest.xml:65:13-72:29
104                <action android:name="android.intent.action.VIEW" />
104-->[com.firebaseui:firebase-ui-auth:3.0.0] AndroidManifest.xml:66:17-69
104-->[com.firebaseui:firebase-ui-auth:3.0.0] AndroidManifest.xml:66:25-66
105
106                <category android:name="android.intent.category.DEFAULT" />
106-->[com.firebaseui:firebase-ui-auth:3.0.0] AndroidManifest.xml:68:17-76
106-->[com.firebaseui:firebase-ui-auth:3.0.0] AndroidManifest.xml:68:27-73
107                <category android:name="android.intent.category.BROWSABLE" />
107-->[com.firebaseui:firebase-ui-auth:3.0.0] AndroidManifest.xml:69:17-78
107-->[com.firebaseui:firebase-ui-auth:3.0.0] AndroidManifest.xml:69:27-75
108
109                <data android:scheme="@string/facebook_login_protocol_scheme" />
109-->[com.firebaseui:firebase-ui-auth:3.0.0] AndroidManifest.xml:71:17-81
109-->[com.firebaseui:firebase-ui-auth:3.0.0] AndroidManifest.xml:71:23-78
110            </intent-filter>
111        </activity>
112        <activity
112-->[com.google.firebase:firebase-auth:19.0.0] AndroidManifest.xml:24:9-31:50
113            android:name="com.google.firebase.auth.internal.FederatedSignInActivity"
113-->[com.google.firebase:firebase-auth:19.0.0] AndroidManifest.xml:25:13-85
114            android:excludeFromRecents="true"
114-->[com.google.firebase:firebase-auth:19.0.0] AndroidManifest.xml:26:13-46
115            android:exported="true"
115-->[com.google.firebase:firebase-auth:19.0.0] AndroidManifest.xml:27:13-36
116            android:launchMode="singleTask"
116-->[com.google.firebase:firebase-auth:19.0.0] AndroidManifest.xml:28:13-44
117            android:permission="com.google.firebase.auth.api.gms.permission.LAUNCH_FEDERATED_SIGN_IN"
117-->[com.google.firebase:firebase-auth:19.0.0] AndroidManifest.xml:29:13-102
118            android:theme="@android:style/Theme.Translucent.NoTitleBar" />
118-->[com.google.firebase:firebase-auth:19.0.0] AndroidManifest.xml:30:13-72
119
120        <service
120-->[com.google.firebase:firebase-auth:19.0.0] AndroidManifest.xml:33:9-39:19
121            android:name="com.google.firebase.components.ComponentDiscoveryService"
121-->[com.google.firebase:firebase-auth:19.0.0] AndroidManifest.xml:34:13-84
122            android:directBootAware="true"
122-->[com.google.firebase:firebase-common:19.1.0] AndroidManifest.xml:14:13-43
123            android:exported="false" >
123-->[com.google.firebase:firebase-auth:19.0.0] AndroidManifest.xml:35:13-37
124            <meta-data
124-->[com.google.firebase:firebase-auth:19.0.0] AndroidManifest.xml:36:13-38:85
125                android:name="com.google.firebase.components:com.google.firebase.auth.FirebaseAuthRegistrar"
125-->[com.google.firebase:firebase-auth:19.0.0] AndroidManifest.xml:37:17-109
126                android:value="com.google.firebase.components.ComponentRegistrar" />
126-->[com.google.firebase:firebase-auth:19.0.0] AndroidManifest.xml:38:17-82
127            <meta-data
127-->[com.google.firebase:firebase-firestore:21.1.1] AndroidManifest.xml:20:13-22:85
128                android:name="com.google.firebase.components:com.google.firebase.firestore.FirestoreRegistrar"
128-->[com.google.firebase:firebase-firestore:21.1.1] AndroidManifest.xml:21:17-111
129                android:value="com.google.firebase.components.ComponentRegistrar" />
129-->[com.google.firebase:firebase-firestore:21.1.1] AndroidManifest.xml:22:17-82
130            <meta-data
130-->[com.google.firebase:firebase-storage:19.1.0] AndroidManifest.xml:33:13-35:85
131                android:name="com.google.firebase.components:com.google.firebase.storage.StorageRegistrar"
131-->[com.google.firebase:firebase-storage:19.1.0] AndroidManifest.xml:34:17-107
132                android:value="com.google.firebase.components.ComponentRegistrar" />
132-->[com.google.firebase:firebase-storage:19.1.0] AndroidManifest.xml:35:17-82
133            <meta-data
133-->[com.google.android.gms:play-services-measurement-api:17.2.0] AndroidManifest.xml:30:13-32:85
134                android:name="com.google.firebase.components:com.google.firebase.analytics.connector.internal.AnalyticsConnectorRegistrar"
134-->[com.google.android.gms:play-services-measurement-api:17.2.0] AndroidManifest.xml:31:17-139
135                android:value="com.google.firebase.components.ComponentRegistrar" />
135-->[com.google.android.gms:play-services-measurement-api:17.2.0] AndroidManifest.xml:32:17-82
136            <meta-data
136-->[com.google.firebase:firebase-iid:19.0.0] AndroidManifest.xml:32:13-34:85
137                android:name="com.google.firebase.components:com.google.firebase.iid.Registrar"
137-->[com.google.firebase:firebase-iid:19.0.0] AndroidManifest.xml:33:17-96
138                android:value="com.google.firebase.components.ComponentRegistrar" />
138-->[com.google.firebase:firebase-iid:19.0.0] AndroidManifest.xml:34:17-82
139        </service>
140
141        <provider
141-->[com.squareup.picasso:picasso:2.71828] AndroidManifest.xml:8:9-11:40
142            android:name="com.squareup.picasso.PicassoProvider"
142-->[com.squareup.picasso:picasso:2.71828] AndroidManifest.xml:9:13-64
143            android:authorities="com.ksu.serene.com.squareup.picasso"
143-->[com.squareup.picasso:picasso:2.71828] AndroidManifest.xml:10:13-72
144            android:exported="false" />
144-->[com.squareup.picasso:picasso:2.71828] AndroidManifest.xml:11:13-37
145
146        <activity
146-->[com.google.android.gms:play-services-auth:17.0.0] AndroidManifest.xml:23:9-27:75
147            android:name="com.google.android.gms.auth.api.signin.internal.SignInHubActivity"
147-->[com.google.android.gms:play-services-auth:17.0.0] AndroidManifest.xml:24:13-93
148            android:excludeFromRecents="true"
148-->[com.google.android.gms:play-services-auth:17.0.0] AndroidManifest.xml:25:13-46
149            android:exported="false"
149-->[com.google.android.gms:play-services-auth:17.0.0] AndroidManifest.xml:26:13-37
150            android:theme="@android:style/Theme.Translucent.NoTitleBar" />
150-->[com.google.android.gms:play-services-auth:17.0.0] AndroidManifest.xml:27:13-72
151        <!--
152            Service handling Google Sign-In user revocation. For apps that do not integrate with
153            Google Sign-In, this service will never be started.
154        -->
155        <service
155-->[com.google.android.gms:play-services-auth:17.0.0] AndroidManifest.xml:33:9-36:110
156            android:name="com.google.android.gms.auth.api.signin.RevocationBoundService"
156-->[com.google.android.gms:play-services-auth:17.0.0] AndroidManifest.xml:34:13-89
157            android:exported="true"
157-->[com.google.android.gms:play-services-auth:17.0.0] AndroidManifest.xml:35:13-36
158            android:permission="com.google.android.gms.auth.api.signin.permission.REVOCATION_NOTIFICATION" />
158-->[com.google.android.gms:play-services-auth:17.0.0] AndroidManifest.xml:36:13-107
159
160        <receiver
160-->[com.google.firebase:firebase-iid:19.0.0] AndroidManifest.xml:37:9-44:20
161            android:name="com.google.firebase.iid.FirebaseInstanceIdReceiver"
161-->[com.google.firebase:firebase-iid:19.0.0] AndroidManifest.xml:38:13-78
162            android:exported="true"
162-->[com.google.firebase:firebase-iid:19.0.0] AndroidManifest.xml:39:13-36
163            android:permission="com.google.android.c2dm.permission.SEND" >
163-->[com.google.firebase:firebase-iid:19.0.0] AndroidManifest.xml:40:13-73
164            <intent-filter>
164-->[com.google.firebase:firebase-iid:19.0.0] AndroidManifest.xml:41:13-43:29
165                <action android:name="com.google.android.c2dm.intent.RECEIVE" />
165-->[com.google.firebase:firebase-iid:19.0.0] AndroidManifest.xml:42:17-81
165-->[com.google.firebase:firebase-iid:19.0.0] AndroidManifest.xml:42:25-78
166            </intent-filter>
167        </receiver>
168
169        <activity
169-->[com.google.android.gms:play-services-base:17.1.0] AndroidManifest.xml:23:9-26:75
170            android:name="com.google.android.gms.common.api.GoogleApiActivity"
170-->[com.google.android.gms:play-services-base:17.1.0] AndroidManifest.xml:24:13-79
171            android:exported="false"
171-->[com.google.android.gms:play-services-base:17.1.0] AndroidManifest.xml:25:13-37
172            android:theme="@android:style/Theme.Translucent.NoTitleBar" />
172-->[com.google.android.gms:play-services-base:17.1.0] AndroidManifest.xml:26:13-72
173
174        <provider
174-->[com.google.firebase:firebase-common:19.1.0] AndroidManifest.xml:17:9-21:39
175            android:name="com.google.firebase.provider.FirebaseInitProvider"
175-->[com.google.firebase:firebase-common:19.1.0] AndroidManifest.xml:18:13-77
176            android:authorities="com.ksu.serene.firebaseinitprovider"
176-->[com.google.firebase:firebase-common:19.1.0] AndroidManifest.xml:19:13-72
177            android:exported="false"
177-->[com.google.firebase:firebase-common:19.1.0] AndroidManifest.xml:20:13-37
178            android:initOrder="100" />
178-->[com.google.firebase:firebase-common:19.1.0] AndroidManifest.xml:21:13-36
179
180        <receiver
180-->[com.google.android.gms:play-services-measurement:17.2.0] AndroidManifest.xml:29:9-33:20
181            android:name="com.google.android.gms.measurement.AppMeasurementReceiver"
181-->[com.google.android.gms:play-services-measurement:17.2.0] AndroidManifest.xml:30:13-85
182            android:enabled="true"
182-->[com.google.android.gms:play-services-measurement:17.2.0] AndroidManifest.xml:31:13-35
183            android:exported="false" >
183-->[com.google.android.gms:play-services-measurement:17.2.0] AndroidManifest.xml:32:13-37
184        </receiver>
185        <receiver
185-->[com.google.android.gms:play-services-measurement:17.2.0] AndroidManifest.xml:34:9-42:20
186            android:name="com.google.android.gms.measurement.AppMeasurementInstallReferrerReceiver"
186-->[com.google.android.gms:play-services-measurement:17.2.0] AndroidManifest.xml:35:13-100
187            android:enabled="true"
187-->[com.google.android.gms:play-services-measurement:17.2.0] AndroidManifest.xml:36:13-35
188            android:exported="true"
188-->[com.google.android.gms:play-services-measurement:17.2.0] AndroidManifest.xml:37:13-36
189            android:permission="android.permission.INSTALL_PACKAGES" >
189-->[com.google.android.gms:play-services-measurement:17.2.0] AndroidManifest.xml:38:13-69
190            <intent-filter>
190-->[com.google.android.gms:play-services-measurement:17.2.0] AndroidManifest.xml:39:13-41:29
191                <action android:name="com.android.vending.INSTALL_REFERRER" />
191-->[com.google.android.gms:play-services-measurement:17.2.0] AndroidManifest.xml:40:17-79
191-->[com.google.android.gms:play-services-measurement:17.2.0] AndroidManifest.xml:40:25-76
192            </intent-filter>
193        </receiver>
194
195        <service
195-->[com.google.android.gms:play-services-measurement:17.2.0] AndroidManifest.xml:44:9-47:40
196            android:name="com.google.android.gms.measurement.AppMeasurementService"
196-->[com.google.android.gms:play-services-measurement:17.2.0] AndroidManifest.xml:45:13-84
197            android:enabled="true"
197-->[com.google.android.gms:play-services-measurement:17.2.0] AndroidManifest.xml:46:13-35
198            android:exported="false" />
198-->[com.google.android.gms:play-services-measurement:17.2.0] AndroidManifest.xml:47:13-37
199        <service
199-->[com.google.android.gms:play-services-measurement:17.2.0] AndroidManifest.xml:48:9-52:72
200            android:name="com.google.android.gms.measurement.AppMeasurementJobService"
200-->[com.google.android.gms:play-services-measurement:17.2.0] AndroidManifest.xml:49:13-87
201            android:enabled="true"
201-->[com.google.android.gms:play-services-measurement:17.2.0] AndroidManifest.xml:50:13-35
202            android:exported="false"
202-->[com.google.android.gms:play-services-measurement:17.2.0] AndroidManifest.xml:51:13-37
203            android:permission="android.permission.BIND_JOB_SERVICE" />
203-->[com.google.android.gms:play-services-measurement:17.2.0] AndroidManifest.xml:52:13-69
204
205        <provider
205-->[androidx.lifecycle:lifecycle-process:2.1.0] AndroidManifest.xml:23:9-27:43
206            android:name="androidx.lifecycle.ProcessLifecycleOwnerInitializer"
206-->[androidx.lifecycle:lifecycle-process:2.1.0] AndroidManifest.xml:24:13-79
207            android:authorities="com.ksu.serene.lifecycle-process"
207-->[androidx.lifecycle:lifecycle-process:2.1.0] AndroidManifest.xml:25:13-69
208            android:exported="false"
208-->[androidx.lifecycle:lifecycle-process:2.1.0] AndroidManifest.xml:26:13-37
209            android:multiprocess="true" />
209-->[androidx.lifecycle:lifecycle-process:2.1.0] AndroidManifest.xml:27:13-40
210    </application>
211
212</manifest>